Generated at 2013-04-07 02:45:00 -0700
Errno::ENOENT: No such file or directory - ./solo.rb
/home/karsten/chef/site-cookbooks/ohai/recipes/default.rb:51:in `read'
/home/karsten/chef/site-cookbooks/ohai/recipes/default.rb:51:in `from_file'
/var/lib/gems/1.9.1/gems/chef-11.4.0/lib/chef/mixin/from_file.rb:30:in `instance_eval'
/var/lib/gems/1.9.1/gems/chef-11.4.0/lib/chef/mixin/from_file.rb:30:in `from_file'
/var/lib/gems/1.9.1/gems/chef-11.4.0/lib/chef/cookbook_version.rb:346:in `load_recipe'
/var/lib/gems/1.9.1/gems/chef-11.4.0/lib/chef/run_context.rb:151:in `load_recipe'
/var/lib/gems/1.9.1/gems/chef-11.4.0/lib/chef/run_context.rb:132:in `block in include_recipe'
/var/lib/gems/1.9.1/gems/chef-11.4.0/lib/chef/run_context.rb:131:in `each'
/var/lib/gems/1.9.1/gems/chef-11.4.0/lib/chef/run_context.rb:131:in `include_recipe'
/var/lib/gems/1.9.1/gems/chef-11.4.0/lib/chef/dsl/include_recipe.rb:26:in `include_recipe'
/home/karsten/chef/site-cookbooks/nginx/recipes/ohai_plugin.rb:39:in `from_file'
/var/lib/gems/1.9.1/gems/chef-11.4.0/lib/chef/mixin/from_file.rb:30:in `instance_eval'
/var/lib/gems/1.9.1/gems/chef-11.4.0/lib/chef/mixin/from_file.rb:30:in `from_file'
/var/lib/gems/1.9.1/gems/chef-11.4.0/lib/chef/cookbook_version.rb:346:in `load_recipe'
/var/lib/gems/1.9.1/gems/chef-11.4.0/lib/chef/run_context.rb:151:in `load_recipe'
/var/lib/gems/1.9.1/gems/chef-11.4.0/lib/chef/run_context.rb:132:in `block in include_recipe'
/var/lib/gems/1.9.1/gems/chef-11.4.0/lib/chef/run_context.rb:131:in `each'
/var/lib/gems/1.9.1/gems/chef-11.4.0/lib/chef/run_context.rb:131:in `include_recipe'
/var/lib/gems/1.9.1/gems/chef-11.4.0/lib/chef/dsl/include_recipe.rb:26:in `include_recipe'
/home/karsten/chef/site-cookbooks/nginx/recipes/default.rb:21:in `from_file'
/var/lib/gems/1.9.1/gems/chef-11.4.0/lib/chef/mixin/from_file.rb:30:in `instance_eval'
/var/lib/gems/1.9.1/gems/chef-11.4.0/lib/chef/mixin/from_file.rb:30:in `from_file'
/var/lib/gems/1.9.1/gems/chef-11.4.0/lib/chef/cookbook_version.rb:346:in `load_recipe'
/var/lib/gems/1.9.1/gems/chef-11.4.0/lib/chef/run_context.rb:151:in `load_recipe'
/var/lib/gems/1.9.1/gems/chef-11.4.0/lib/chef/run_context/cookbook_compiler.rb:139:in `block in compile_recipes'
/var/lib/gems/1.9.1/gems/chef-11.4.0/lib/chef/run_context/cookbook_compiler.rb:137:in `each'
/var/lib/gems/1.9.1/gems/chef-11.4.0/lib/chef/run_context/cookbook_compiler.rb:137:in `compile_recipes'
/var/lib/gems/1.9.1/gems/chef-11.4.0/lib/chef/run_context/cookbook_compiler.rb:74:in `compile'
/var/lib/gems/1.9.1/gems/chef-11.4.0/lib/chef/run_context.rb:86:in `load'
/var/lib/gems/1.9.1/gems/chef-11.4.0/lib/chef/client.rb:224:in `setup_run_context'
/var/lib/gems/1.9.1/gems/chef-11.4.0/lib/chef/client.rb:467:in `do_run'
/var/lib/gems/1.9.1/gems/chef-11.4.0/lib/chef/client.rb:200:in `run'
/var/lib/gems/1.9.1/gems/chef-11.4.0/lib/chef/application.rb:190:in `run_chef_client'
/var/lib/gems/1.9.1/gems/chef-11.4.0/lib/chef/application/solo.rb:239:in `block in run_application'
/var/lib/gems/1.9.1/gems/chef-11.4.0/lib/chef/application/solo.rb:231:in `loop'
/var/lib/gems/1.9.1/gems/chef-11.4.0/lib/chef/application/solo.rb:231:in `run_application'
/var/lib/gems/1.9.1/gems/chef-11.4.0/lib/chef/application.rb:73:in `run'
/var/lib/gems/1.9.1/gems/chef-11.4.0/bin/chef-solo:25:in `<top (required)>'
/usr/local/bin/chef-solo:23:in `load'
/usr/local/bin/chef-solo:23:in `<main>'